# JRE version: OpenJDK Runtime Environment Temurin-21.0.8+9 (21.0.8+9) (build 21.0.8+9-LTS)
# Java VM: OpenJDK 64-Bit Server VM Temurin-21.0.8+9 (21.0.8+9-LTS, mixed mode, sharing, tiered, compressed oops, compressed class ptrs, parallel gc, windows-amd64)
GC Precious Log:
 CardTable entry size: 512
 CPUs: 12 total, 12 available
 Memory: 7750M
 Large Page Support: Disabled
 NUMA Support: Disabled
 Compressed Oops: Enabled (32-bit)
 Alignments: Space 512K, Generation 512K, Heap 2M
 Heap Min Capacity: 100M
 Heap Initial Capacity: 100M
 Heap Max Capacity: 2G
 Pre-touch: Disabled
 Parallel Workers: 10
Heap:
 PSYoungGen      total 8704K, used 5165K [0x00000000d5580000, 0x00000000d6080000, 0x0000000100000000)
  eden space 8192K, 57% used [0x00000000d5580000,0x00000000d5a12308,0x00000000d5d80000)
  from space 512K, 94% used [0x00000000d6000000,0x00000000d6079220,0x00000000d6080000)
  to   space 1536K, 0% used [0x00000000d5d80000,0x00000000d5d80000,0x00000000d5f00000)
 ParOldGen       total 932864K, used 932846K [0x0000000080000000, 0x00000000b8f00000, 0x00000000d5580000)
  object space 932864K, 99% used [0x0000000080000000,0x00000000b8efba50,0x00000000b8f00000)
 Metaspace       used 84703K, committed 86400K, reserved 1179648K
  class space    used 8606K, committed 9344K, reserved 1048576K
GC Heap History (20 events):
Event: 1144.457 GC heap before
{Heap before GC invocations=2190 (full 4):
 PSYoungGen      total 7168K, used 6976K [0x00000000d5580000, 0x00000000d5d80000, 0x0000000100000000)
  eden space 6656K, 100% used [0x00000000d5580000,0x00000000d5c00000,0x00000000d5c00000)
  from space 512K, 62% used [0x00000000d5d00000,0x00000000d5d50000,0x00000000d5d80000)
  to   space 512K, 0% used [0x00000000d5c80000,0x00000000d5c80000,0x00000000d5d00000)
 ParOldGen       total 931328K, used 931015K [0x0000000080000000, 0x00000000b8d80000, 0x00000000d5580000)
  object space 931328K, 99% used [0x0000000080000000,0x00000000b8d31fa0,0x00000000b8d80000)
 Metaspace       used 84453K, committed 86208K, reserved 1179648K
  class space    used 8563K, committed 9344K, reserved 1048576K
}
Event: 1144.459 GC heap after
{Heap after GC invocations=2190 (full 4):
 PSYoungGen      total 7680K, used 320K [0x00000000d5580000, 0x00000000d5e80000, 0x0000000100000000)
  eden space 7168K, 0% used [0x00000000d5580000,0x00000000d5580000,0x00000000d5c80000)
  from space 512K, 62% used [0x00000000d5c80000,0x00000000d5cd0000,0x00000000d5d00000)
  to   space 512K, 0% used [0x00000000d5e00000,0x00000000d5e00000,0x00000000d5e80000)
 ParOldGen       total 931328K, used 931175K [0x0000000080000000, 0x00000000b8d80000, 0x00000000d5580000)
  object space 931328K, 99% used [0x0000000080000000,0x00000000b8d59fa0,0x00000000b8d80000)
 Metaspace       used 84453K, committed 86208K, reserved 1179648K
  class space    used 8563K, committed 9344K, reserved 1048576K
}
Event: 1144.467 GC heap before
{Heap before GC invocations=2191 (full 4):
 PSYoungGen      total 7680K, used 7488K [0x00000000d5580000, 0x00000000d5e80000, 0x0000000100000000)
  eden space 7168K, 100% used [0x00000000d5580000,0x00000000d5c80000,0x00000000d5c80000)
  from space 512K, 62% used [0x00000000d5c80000,0x00000000d5cd0000,0x00000000d5d00000)
  to   space 512K, 0% used [0x00000000d5e00000,0x00000000d5e00000,0x00000000d5e80000)
 ParOldGen       total 931328K, used 931175K [0x0000000080000000, 0x00000000b8d80000, 0x00000000d5580000)
  object space 931328K, 99% used [0x0000000080000000,0x00000000b8d59fa0,0x00000000b8d80000)
 Metaspace       used 84453K, committed 86208K, reserved 1179648K
  class space    used 8563K, committed 9344K, reserved 1048576K
}
Event: 1144.470 GC heap after
{Heap after GC invocations=2191 (full 4):
 PSYoungGen      total 8704K, used 288K [0x00000000d5580000, 0x00000000d5f00000, 0x0000000100000000)
  eden space 8192K, 0% used [0x00000000d5580000,0x00000000d5580000,0x00000000d5d80000)
  from space 512K, 56% used [0x00000000d5e00000,0x00000000d5e48000,0x00000000d5e80000)
  to   space 512K, 0% used [0x00000000d5d80000,0x00000000d5d80000,0x00000000d5e00000)
 ParOldGen       total 931328K, used 931319K [0x0000000080000000, 0x00000000b8d80000, 0x00000000d5580000)
  object space 931328K, 99% used [0x0000000080000000,0x00000000b8d7dfa0,0x00000000b8d80000)
 Metaspace       used 84453K, committed 86208K, reserved 1179648K
  class space    used 8563K, committed 9344K, reserved 1048576K
}
Event: 1144.478 GC heap before
{Heap before GC invocations=2192 (full 4):
 PSYoungGen      total 8704K, used 8480K [0x00000000d5580000, 0x00000000d5f00000, 0x0000000100000000)
  eden space 8192K, 100% used [0x00000000d5580000,0x00000000d5d80000,0x00000000d5d80000)
  from space 512K, 56% used [0x00000000d5e00000,0x00000000d5e48000,0x00000000d5e80000)
  to   space 512K, 0% used [0x00000000d5d80000,0x00000000d5d80000,0x00000000d5e00000)
 ParOldGen       total 931328K, used 931319K [0x0000000080000000, 0x00000000b8d80000, 0x00000000d5580000)
  object space 931328K, 99% used [0x0000000080000000,0x00000000b8d7dfa0,0x00000000b8d80000)
 Metaspace       used 84453K, committed 86208K, reserved 1179648K
  class space    used 8563K, committed 9344K, reserved 1048576K
}
Event: 1144.480 GC heap after
{Heap after GC invocations=2192 (full 4):
 PSYoungGen      total 8704K, used 352K [0x00000000d5580000, 0x00000000d6080000, 0x0000000100000000)
  eden space 8192K, 0% used [0x00000000d5580000,0x00000000d5580000,0x00000000d5d80000)
  from space 512K, 68% used [0x00000000d5d80000,0x00000000d5dd8000,0x00000000d5e00000)
  to   space 512K, 0% used [0x00000000d6000000,0x00000000d6000000,0x00000000d6080000)
 ParOldGen       total 931840K, used 931503K [0x0000000080000000, 0x00000000b8e00000, 0x00000000d5580000)
  object space 931840K, 99% used [0x0000000080000000,0x00000000b8dabfa0,0x00000000b8e00000)
 Metaspace       used 84453K, committed 86208K, reserved 1179648K
  class space    used 8563K, committed 9344K, reserved 1048576K
}
Event: 1144.497 GC heap before
{Heap before GC invocations=2193 (full 4):
 PSYoungGen      total 8704K, used 8541K [0x00000000d5580000, 0x00000000d6080000, 0x0000000100000000)
  eden space 8192K, 99% used [0x00000000d5580000,0x00000000d5d7f458,0x00000000d5d80000)
  from space 512K, 68% used [0x00000000d5d80000,0x00000000d5dd8000,0x00000000d5e00000)
  to   space 512K, 0% used [0x00000000d6000000,0x00000000d6000000,0x00000000d6080000)
 ParOldGen       total 931840K, used 931503K [0x0000000080000000, 0x00000000b8e00000, 0x00000000d5580000)
  object space 931840K, 99% used [0x0000000080000000,0x00000000b8dabfa0,0x00000000b8e00000)
 Metaspace       used 84453K, committed 86208K, reserved 1179648K
  class space    used 8563K, committed 9344K, reserved 1048576K
}
Event: 1144.499 GC heap after
{Heap after GC invocations=2193 (full 4):
 PSYoungGen      total 8704K, used 506K [0x00000000d5580000, 0x00000000d6080000, 0x0000000100000000)
  eden space 8192K, 0% used [0x00000000d5580000,0x00000000d5580000,0x00000000d5d80000)
  from space 512K, 98% used [0x00000000d6000000,0x00000000d607ea28,0x00000000d6080000)
  to   space 1024K, 0% used [0x00000000d5e80000,0x00000000d5e80000,0x00000000d5f80000)
 ParOldGen       total 931840K, used 931743K [0x0000000080000000, 0x00000000b8e00000, 0x00000000d5580000)
  object space 931840K, 99% used [0x0000000080000000,0x00000000b8de7fa0,0x00000000b8e00000)
 Metaspace       used 84453K, committed 86208K, reserved 1179648K
  class space    used 8563K, committed 9344K, reserved 1048576K
}
Event: 1144.517 GC heap before
{Heap before GC invocations=2194 (full 4):
 PSYoungGen      total 8704K, used 8698K [0x00000000d5580000, 0x00000000d6080000, 0x0000000100000000)
  eden space 8192K, 100% used [0x00000000d5580000,0x00000000d5d80000,0x00000000d5d80000)
  from space 512K, 98% used [0x00000000d6000000,0x00000000d607ea28,0x00000000d6080000)
  to   space 1024K, 0% used [0x00000000d5e80000,0x00000000d5e80000,0x00000000d5f80000)
 ParOldGen       total 931840K, used 931743K [0x0000000080000000, 0x00000000b8e00000, 0x00000000d5580000)
  object space 931840K, 99% used [0x0000000080000000,0x00000000b8de7fa0,0x00000000b8e00000)
 Metaspace       used 84453K, committed 86208K, reserved 1179648K
  class space    used 8563K, committed 9344K, reserved 1048576K
}
Event: 1144.519 GC heap after
{Heap after GC invocations=2194 (full 4):
 PSYoungGen      total 9216K, used 224K [0x00000000d5580000, 0x00000000d6080000, 0x0000000100000000)
  eden space 8192K, 0% used [0x00000000d5580000,0x00000000d5580000,0x00000000d5d80000)
  from space 1024K, 21% used [0x00000000d5e80000,0x00000000d5eb8000,0x00000000d5f80000)
  to   space 512K, 0% used [0x00000000d6000000,0x00000000d6000000,0x00000000d6080000)
 ParOldGen       total 932352K, used 931898K [0x0000000080000000, 0x00000000b8e80000, 0x00000000d5580000)
  object space 932352K, 99% used [0x0000000080000000,0x00000000b8e0e830,0x00000000b8e80000)
 Metaspace       used 84453K, committed 86208K, reserved 1179648K
  class space    used 8563K, committed 9344K, reserved 1048576K
}
Event: 1144.529 GC heap before
{Heap before GC invocations=2195 (full 4):
 PSYoungGen      total 9216K, used 8416K [0x00000000d5580000, 0x00000000d6080000, 0x0000000100000000)
  eden space 8192K, 100% used [0x00000000d5580000,0x00000000d5d80000,0x00000000d5d80000)
  from space 1024K, 21% used [0x00000000d5e80000,0x00000000d5eb8000,0x00000000d5f80000)
  to   space 512K, 0% used [0x00000000d6000000,0x00000000d6000000,0x00000000d6080000)
 ParOldGen       total 932352K, used 931898K [0x0000000080000000, 0x00000000b8e80000, 0x00000000d5580000)
  object space 932352K, 99% used [0x0000000080000000,0x00000000b8e0e830,0x00000000b8e80000)
 Metaspace       used 84453K, committed 86208K, reserved 1179648K
  class space    used 8563K, committed 9344K, reserved 1048576K
}
Event: 1144.531 GC heap after
{Heap after GC invocations=2195 (full 4):
 PSYoungGen      total 8704K, used 458K [0x00000000d5580000, 0x00000000d6080000, 0x0000000100000000)
  eden space 8192K, 0% used [0x00000000d5580000,0x00000000d5580000,0x00000000d5d80000)
  from space 512K, 89% used [0x00000000d6000000,0x00000000d6072a50,0x00000000d6080000)
  to   space 512K, 0% used [0x00000000d5f80000,0x00000000d5f80000,0x00000000d6000000)
 ParOldGen       total 932352K, used 932010K [0x0000000080000000, 0x00000000b8e80000, 0x00000000d5580000)
  object space 932352K, 99% used [0x0000000080000000,0x00000000b8e2a830,0x00000000b8e80000)
 Metaspace       used 84453K, committed 86208K, reserved 1179648K
  class space    used 8563K, committed 9344K, reserved 1048576K
}
Event: 1144.542 GC heap before
{Heap before GC invocations=2196 (full 4):
 PSYoungGen      total 8704K, used 8650K [0x00000000d5580000, 0x00000000d6080000, 0x0000000100000000)
  eden space 8192K, 100% used [0x00000000d5580000,0x00000000d5d80000,0x00000000d5d80000)
  from space 512K, 89% used [0x00000000d6000000,0x00000000d6072a50,0x00000000d6080000)
  to   space 512K, 0% used [0x00000000d5f80000,0x00000000d5f80000,0x00000000d6000000)
 ParOldGen       total 932352K, used 932010K [0x0000000080000000, 0x00000000b8e80000, 0x00000000d5580000)
  object space 932352K, 99% used [0x0000000080000000,0x00000000b8e2a830,0x00000000b8e80000)
 Metaspace       used 84453K, committed 86208K, reserved 1179648K
  class space    used 8563K, committed 9344K, reserved 1048576K
}
Event: 1144.545 GC heap after
{Heap after GC invocations=2196 (full 4):
 PSYoungGen      total 8704K, used 374K [0x00000000d5580000, 0x00000000d6080000, 0x0000000100000000)
  eden space 8192K, 0% used [0x00000000d5580000,0x00000000d5580000,0x00000000d5d80000)
  from space 512K, 73% used [0x00000000d5f80000,0x00000000d5fdd888,0x00000000d6000000)
  to   space 512K, 0% used [0x00000000d6000000,0x00000000d6000000,0x00000000d6080000)
 ParOldGen       total 932352K, used 932042K [0x0000000080000000, 0x00000000b8e80000, 0x00000000d5580000)
  object space 932352K, 99% used [0x0000000080000000,0x00000000b8e32830,0x00000000b8e80000)
 Metaspace       used 84453K, committed 86208K, reserved 1179648K
  class space    used 8563K, committed 9344K, reserved 1048576K
}
Event: 1144.560 GC heap before
{Heap before GC invocations=2197 (full 4):
 PSYoungGen      total 8704K, used 8566K [0x00000000d5580000, 0x00000000d6080000, 0x0000000100000000)
  eden space 8192K, 100% used [0x00000000d5580000,0x00000000d5d80000,0x00000000d5d80000)
  from space 512K, 73% used [0x00000000d5f80000,0x00000000d5fdd888,0x00000000d6000000)
  to   space 512K, 0% used [0x00000000d6000000,0x00000000d6000000,0x00000000d6080000)
 ParOldGen       total 932352K, used 932042K [0x0000000080000000, 0x00000000b8e80000, 0x00000000d5580000)
  object space 932352K, 99% used [0x0000000080000000,0x00000000b8e32830,0x00000000b8e80000)
 Metaspace       used 84453K, committed 86208K, reserved 1179648K
  class space    used 8563K, committed 9344K, reserved 1048576K
}
Event: 1144.563 GC heap after
{Heap after GC invocations=2197 (full 4):
 PSYoungGen      total 8704K, used 425K [0x00000000d5580000, 0x00000000d6080000, 0x0000000100000000)
  eden space 8192K, 0% used [0x00000000d5580000,0x00000000d5580000,0x00000000d5d80000)
  from space 512K, 83% used [0x00000000d6000000,0x00000000d606a7e0,0x00000000d6080000)
  to   space 512K, 0% used [0x00000000d5f80000,0x00000000d5f80000,0x00000000d6000000)
 ParOldGen       total 932352K, used 932146K [0x0000000080000000, 0x00000000b8e80000, 0x00000000d5580000)
  object space 932352K, 99% used [0x0000000080000000,0x00000000b8e4c830,0x00000000b8e80000)
 Metaspace       used 84453K, committed 86208K, reserved 1179648K
  class space    used 8563K, committed 9344K, reserved 1048576K
}
Event: 1605.703 GC heap before
{Heap before GC invocations=2198 (full 4):
 PSYoungGen      total 8704K, used 8617K [0x00000000d5580000, 0x00000000d6080000, 0x0000000100000000)
  eden space 8192K, 100% used [0x00000000d5580000,0x00000000d5d80000,0x00000000d5d80000)
  from space 512K, 83% used [0x00000000d6000000,0x00000000d606a7e0,0x00000000d6080000)
  to   space 512K, 0% used [0x00000000d5f80000,0x00000000d5f80000,0x00000000d6000000)
 ParOldGen       total 932352K, used 932146K [0x0000000080000000, 0x00000000b8e80000, 0x00000000d5580000)
  object space 932352K, 99% used [0x0000000080000000,0x00000000b8e4c830,0x00000000b8e80000)
 Metaspace       used 84639K, committed 86336K, reserved 1179648K
  class space    used 8606K, committed 9344K, reserved 1048576K
}
Event: 1605.954 GC heap after
{Heap after GC invocations=2198 (full 4):
 PSYoungGen      total 8704K, used 480K [0x00000000d5580000, 0x00000000d6080000, 0x0000000100000000)
  eden space 8192K, 0% used [0x00000000d5580000,0x00000000d5580000,0x00000000d5d80000)
  from space 512K, 93% used [0x00000000d5f80000,0x00000000d5ff8020,0x00000000d6000000)
  to   space 512K, 0% used [0x00000000d6000000,0x00000000d6000000,0x00000000d6080000)
 ParOldGen       total 932352K, used 932258K [0x0000000080000000, 0x00000000b8e80000, 0x00000000d5580000)
  object space 932352K, 99% used [0x0000000080000000,0x00000000b8e68830,0x00000000b8e80000)
 Metaspace       used 84639K, committed 86336K, reserved 1179648K
  class space    used 8606K, committed 9344K, reserved 1048576K
}
Event: 2396.159 GC heap before
{Heap before GC invocations=2199 (full 4):
 PSYoungGen      total 8704K, used 8672K [0x00000000d5580000, 0x00000000d6080000, 0x0000000100000000)
  eden space 8192K, 100% used [0x00000000d5580000,0x00000000d5d80000,0x00000000d5d80000)
  from space 512K, 93% used [0x00000000d5f80000,0x00000000d5ff8020,0x00000000d6000000)
  to   space 512K, 0% used [0x00000000d6000000,0x00000000d6000000,0x00000000d6080000)
 ParOldGen       total 932352K, used 932258K [0x0000000080000000, 0x00000000b8e80000, 0x00000000d5580000)
  object space 932352K, 99% used [0x0000000080000000,0x00000000b8e68830,0x00000000b8e80000)
 Metaspace       used 84684K, committed 86400K, reserved 1179648K
  class space    used 8606K, committed 9344K, reserved 1048576K
}
Event: 2396.576 GC heap after
{Heap after GC invocations=2199 (full 4):
 PSYoungGen      total 8704K, used 484K [0x00000000d5580000, 0x00000000d6080000, 0x0000000100000000)
  eden space 8192K, 0% used [0x00000000d5580000,0x00000000d5580000,0x00000000d5d80000)
  from space 512K, 94% used [0x00000000d6000000,0x00000000d6079220,0x00000000d6080000)
  to   space 1536K, 0% used [0x00000000d5d80000,0x00000000d5d80000,0x00000000d5f00000)
 ParOldGen       total 932864K, used 932846K [0x0000000080000000, 0x00000000b8f00000, 0x00000000d5580000)
  object space 932864K, 99% used [0x0000000080000000,0x00000000b8efba50,0x00000000b8f00000)
 Metaspace       used 84684K, committed 86400K, reserved 1179648K
  class space    used 8606K, committed 9344K, reserved 1048576K
}

